<?xml version="1.0" encoding="UTF-8"?>
<!-- Generated by org.testng.reporters.JUnitXMLReporter -->
<testsuite ignored="0" hostname="DESKTOP-AJ6U95Q" failures="0" tests="4" name="ChromeTestCases" time="309.616" errors="0" timestamp="2020-06-12T14:37:05 IST">
  <testcase classname="crossBrowsers.VerifyTitle" name="verifypageTitle1" time="51.238"/>
  <testcase classname="crossBrowsers.VerifyTitle" name="verifypageTitle2" time="84.992"/>
  <testcase classname="crossBrowsers.VerifyTitle" name="verifypageTitle3" time="100.601"/>
  <testcase classname="crossBrowsers.VerifyTitle" name="verifypageTitle4" time="12.577"/>
</testsuite> <!-- ChromeTestCases -->
