<?xml version="1.0" encoding="UTF-8"?>
<testng-results ignored="0" total="8" passed="8" failed="0" skipped="0">
  <reporter-output>
    <line>
      <![CDATA[======= Browser Session Started ======]]>
    </line>
    <line>
      <![CDATA[======= Check on Login button ======]]>
    </line>
    <line>
      <![CDATA[======= Check Adding comment on the post ======]]>
    </line>
    <line>
      <![CDATA[======= Checked Added comment on the post ======]]>
    </line>
    <line>
      <![CDATA[======= Browser Session End ======]]>
    </line>
    <line>
      <![CDATA[======= Browser Session Started ======]]>
    </line>
    <line>
      <![CDATA[======= View added comment in second window ======]]>
    </line>
    <line>
      <![CDATA[======= Browser Session End ======]]>
    </line>
    <line>
      <![CDATA[======= Browser Session Started ======]]>
    </line>
    <line>
      <![CDATA[======= Check Add comment on Specific post ======]]>
    </line>
    <line>
      <![CDATA[======= Check to open Specific post ======]]>
    </line>
    <line>
      <![CDATA[======= Check to go on new tab for delete the window ======]]>
    </line>
    <line>
      <![CDATA[======= Check to Delete specific comment ======]]>
    </line>
    <line>
      <![CDATA[======= Check to LIKE AND UNLIKE ON THE POST ======]]>
    </line>
    <line>
      <![CDATA[======= Browser Session End ======]]>
    </line>
    <line>
      <![CDATA[======= Browser Session Started ======]]>
    </line>
    <line>
      <![CDATA[======= Browser Session End ======]]>
    </line>
    <line>
      <![CDATA[======= Browser Session Started ======]]>
    </line>
    <line>
      <![CDATA[======= Check on Login button ======]]>
    </line>
    <line>
      <![CDATA[======= Check Adding comment on the post ======]]>
    </line>
    <line>
      <![CDATA[======= Checked Added comment on the post ======]]>
    </line>
    <line>
      <![CDATA[======= Browser Session End ======]]>
    </line>
    <line>
      <![CDATA[======= Browser Session Started ======]]>
    </line>
    <line>
      <![CDATA[======= View added comment in second window ======]]>
    </line>
    <line>
      <![CDATA[======= Browser Session End ======]]>
    </line>
    <line>
      <![CDATA[======= Browser Session Started ======]]>
    </line>
    <line>
      <![CDATA[======= Check Add comment on Specific post ======]]>
    </line>
    <line>
      <![CDATA[======= Check to open Specific post ======]]>
    </line>
    <line>
      <![CDATA[======= Check to go on new tab for delete the window ======]]>
    </line>
    <line>
      <![CDATA[======= Check to Delete specific comment ======]]>
    </line>
    <line>
      <![CDATA[======= Check to LIKE AND UNLIKE ON THE POST ======]]>
    </line>
    <line>
      <![CDATA[======= Browser Session End ======]]>
    </line>
    <line>
      <![CDATA[======= Browser Session Started ======]]>
    </line>
    <line>
      <![CDATA[======= Browser Session End ======]]>
    </line>
  </reporter-output>
  <suite started-at="2020-06-12T14:26:02 IST" name="Suite" finished-at="2020-06-12T14:37:05 IST" duration-ms="662489">
    <groups>
    </groups>
    <test started-at="2020-06-12T14:26:02 IST" name="FirefoxTestCases" finished-at="2020-06-12T14:31:55 IST" duration-ms="352623">
      <class name="crossBrowsers.VerifyTitle">
        <test-method is-config="true" signature="setupApplication(java.lang.String)[pri:0, instance:crossBrowsers.VerifyTitle@4b44655e]" started-at="2020-06-12T14:26:03 IST" name="setupApplication" finished-at="2020-06-12T14:26:22 IST" duration-ms="19007" status="PASS">
          <params>
            <param index="0">
              <value>
                <![CDATA[firefox]]>
              </value>
            </param>
          </params>
          <reporter-output>
            <line>
              <![CDATA[======= Browser Session Started ======]]>
            </line>
          </reporter-output>
        </test-method> <!-- setupApplication -->
        <test-method signature="verifypageTitle1()[pri:0, instance:crossBrowsers.VerifyTitle@4b44655e]" started-at="2020-06-12T14:26:22 IST" name="verifypageTitle1" description="THIS IS FOR CREATE POST" finished-at="2020-06-12T14:27:20 IST" duration-ms="58534" status="PASS">
          <reporter-output>
            <line>
              <![CDATA[======= Check on Login button ======]]>
            </line>
            <line>
              <![CDATA[======= Check Adding comment on the post ======]]>
            </line>
            <line>
              <![CDATA[======= Checked Added comment on the post ======]]>
            </line>
          </reporter-output>
        </test-method> <!-- verifypageTitle1 -->
        <test-method is-config="true" signature="closeApplication()[pri:0, instance:crossBrowsers.VerifyTitle@4b44655e]" started-at="2020-06-12T14:27:20 IST" name="closeApplication" finished-at="2020-06-12T14:27:24 IST" duration-ms="3426" status="PASS">
          <reporter-output>
            <line>
              <![CDATA[======= Browser Session End ======]]>
            </line>
          </reporter-output>
        </test-method> <!-- closeApplication -->
        <test-method is-config="true" signature="setupApplication(java.lang.String)[pri:0, instance:crossBrowsers.VerifyTitle@4b44655e]" started-at="2020-06-12T14:27:24 IST" name="setupApplication" finished-at="2020-06-12T14:27:43 IST" duration-ms="19606" status="PASS">
          <params>
            <param index="0">
              <value>
                <![CDATA[firefox]]>
              </value>
            </param>
          </params>
          <reporter-output>
            <line>
              <![CDATA[======= Browser Session Started ======]]>
            </line>
          </reporter-output>
        </test-method> <!-- setupApplication -->
        <test-method signature="verifypageTitle2()[pri:0, instance:crossBrowsers.VerifyTitle@4b44655e]" started-at="2020-06-12T14:27:43 IST" name="verifypageTitle2" description="Add Comment on the post form Feed page" finished-at="2020-06-12T14:29:11 IST" duration-ms="87418" status="PASS">
          <reporter-output>
            <line>
              <![CDATA[======= View added comment in second window ======]]>
            </line>
          </reporter-output>
        </test-method> <!-- verifypageTitle2 -->
        <test-method is-config="true" signature="closeApplication()[pri:0, instance:crossBrowsers.VerifyTitle@4b44655e]" started-at="2020-06-12T14:29:11 IST" name="closeApplication" finished-at="2020-06-12T14:29:14 IST" duration-ms="3401" status="PASS">
          <reporter-output>
            <line>
              <![CDATA[======= Browser Session End ======]]>
            </line>
          </reporter-output>
        </test-method> <!-- closeApplication -->
        <test-method is-config="true" signature="setupApplication(java.lang.String)[pri:0, instance:crossBrowsers.VerifyTitle@4b44655e]" started-at="2020-06-12T14:29:14 IST" name="setupApplication" finished-at="2020-06-12T14:29:29 IST" duration-ms="15368" status="PASS">
          <params>
            <param index="0">
              <value>
                <![CDATA[firefox]]>
              </value>
            </param>
          </params>
          <reporter-output>
            <line>
              <![CDATA[======= Browser Session Started ======]]>
            </line>
          </reporter-output>
        </test-method> <!-- setupApplication -->
        <test-method signature="verifypageTitle3()[pri:0, instance:crossBrowsers.VerifyTitle@4b44655e]" started-at="2020-06-12T14:29:29 IST" name="verifypageTitle3" description="PAGE SCROLLING DOWN AND ADD COMMENT ON THE PAGE" finished-at="2020-06-12T14:31:09 IST" duration-ms="99588" status="PASS">
          <reporter-output>
            <line>
              <![CDATA[======= Check Add comment on Specific post ======]]>
            </line>
            <line>
              <![CDATA[======= Check to open Specific post ======]]>
            </line>
            <line>
              <![CDATA[======= Check to go on new tab for delete the window ======]]>
            </line>
            <line>
              <![CDATA[======= Check to Delete specific comment ======]]>
            </line>
            <line>
              <![CDATA[======= Check to LIKE AND UNLIKE ON THE POST ======]]>
            </line>
          </reporter-output>
        </test-method> <!-- verifypageTitle3 -->
        <test-method is-config="true" signature="closeApplication()[pri:0, instance:crossBrowsers.VerifyTitle@4b44655e]" started-at="2020-06-12T14:31:09 IST" name="closeApplication" finished-at="2020-06-12T14:31:13 IST" duration-ms="4142" status="PASS">
          <reporter-output>
            <line>
              <![CDATA[======= Browser Session End ======]]>
            </line>
          </reporter-output>
        </test-method> <!-- closeApplication -->
        <test-method is-config="true" signature="setupApplication(java.lang.String)[pri:0, instance:crossBrowsers.VerifyTitle@4b44655e]" started-at="2020-06-12T14:31:13 IST" name="setupApplication" finished-at="2020-06-12T14:31:32 IST" duration-ms="19309" status="PASS">
          <params>
            <param index="0">
              <value>
                <![CDATA[firefox]]>
              </value>
            </param>
          </params>
          <reporter-output>
            <line>
              <![CDATA[======= Browser Session Started ======]]>
            </line>
          </reporter-output>
        </test-method> <!-- setupApplication -->
        <test-method signature="verifypageTitle4()[pri:0, instance:crossBrowsers.VerifyTitle@4b44655e]" started-at="2020-06-12T14:31:32 IST" name="verifypageTitle4" description="THIS IS FOR CLICKING ON TOP RIGHT SIDE MENU AND LOGOUT" finished-at="2020-06-12T14:31:47 IST" duration-ms="14860" status="PASS">
          <reporter-output>
          </reporter-output>
        </test-method> <!-- verifypageTitle4 -->
        <test-method is-config="true" signature="closeApplication()[pri:0, instance:crossBrowsers.VerifyTitle@4b44655e]" started-at="2020-06-12T14:31:47 IST" name="closeApplication" finished-at="2020-06-12T14:31:55 IST" duration-ms="7842" status="PASS">
          <reporter-output>
            <line>
              <![CDATA[======= Browser Session End ======]]>
            </line>
          </reporter-output>
        </test-method> <!-- closeApplication -->
      </class> <!-- crossBrowsers.VerifyTitle -->
    </test> <!-- FirefoxTestCases -->
    <test started-at="2020-06-12T14:31:55 IST" name="ChromeTestCases" finished-at="2020-06-12T14:37:05 IST" duration-ms="309616">
      <class name="crossBrowsers.VerifyTitle">
        <test-method is-config="true" signature="setupApplication(java.lang.String)[pri:0, instance:crossBrowsers.VerifyTitle@4c1d9d4b]" started-at="2020-06-12T14:31:55 IST" name="setupApplication" finished-at="2020-06-12T14:32:08 IST" duration-ms="13125" status="PASS">
          <params>
            <param index="0">
              <value>
                <![CDATA[chrome]]>
              </value>
            </param>
          </params>
          <reporter-output>
            <line>
              <![CDATA[======= Browser Session Started ======]]>
            </line>
          </reporter-output>
        </test-method> <!-- setupApplication -->
        <test-method signature="verifypageTitle1()[pri:0, instance:crossBrowsers.VerifyTitle@4c1d9d4b]" started-at="2020-06-12T14:32:08 IST" name="verifypageTitle1" description="THIS IS FOR CREATE POST" finished-at="2020-06-12T14:33:00 IST" duration-ms="51238" status="PASS">
          <reporter-output>
            <line>
              <![CDATA[======= Check on Login button ======]]>
            </line>
            <line>
              <![CDATA[======= Check Adding comment on the post ======]]>
            </line>
            <line>
              <![CDATA[======= Checked Added comment on the post ======]]>
            </line>
          </reporter-output>
        </test-method> <!-- verifypageTitle1 -->
        <test-method is-config="true" signature="closeApplication()[pri:0, instance:crossBrowsers.VerifyTitle@4c1d9d4b]" started-at="2020-06-12T14:33:00 IST" name="closeApplication" finished-at="2020-06-12T14:33:03 IST" duration-ms="3366" status="PASS">
          <reporter-output>
            <line>
              <![CDATA[======= Browser Session End ======]]>
            </line>
          </reporter-output>
        </test-method> <!-- closeApplication -->
        <test-method is-config="true" signature="setupApplication(java.lang.String)[pri:0, instance:crossBrowsers.VerifyTitle@4c1d9d4b]" started-at="2020-06-12T14:33:03 IST" name="setupApplication" finished-at="2020-06-12T14:33:19 IST" duration-ms="15822" status="PASS">
          <params>
            <param index="0">
              <value>
                <![CDATA[chrome]]>
              </value>
            </param>
          </params>
          <reporter-output>
            <line>
              <![CDATA[======= Browser Session Started ======]]>
            </line>
          </reporter-output>
        </test-method> <!-- setupApplication -->
        <test-method signature="verifypageTitle2()[pri:0, instance:crossBrowsers.VerifyTitle@4c1d9d4b]" started-at="2020-06-12T14:33:19 IST" name="verifypageTitle2" description="Add Comment on the post form Feed page" finished-at="2020-06-12T14:34:44 IST" duration-ms="84992" status="PASS">
          <reporter-output>
            <line>
              <![CDATA[======= View added comment in second window ======]]>
            </line>
          </reporter-output>
        </test-method> <!-- verifypageTitle2 -->
        <test-method is-config="true" signature="closeApplication()[pri:0, instance:crossBrowsers.VerifyTitle@4c1d9d4b]" started-at="2020-06-12T14:34:44 IST" name="closeApplication" finished-at="2020-06-12T14:34:45 IST" duration-ms="1353" status="PASS">
          <reporter-output>
            <line>
              <![CDATA[======= Browser Session End ======]]>
            </line>
          </reporter-output>
        </test-method> <!-- closeApplication -->
        <test-method is-config="true" signature="setupApplication(java.lang.String)[pri:0, instance:crossBrowsers.VerifyTitle@4c1d9d4b]" started-at="2020-06-12T14:34:45 IST" name="setupApplication" finished-at="2020-06-12T14:34:57 IST" duration-ms="11343" status="PASS">
          <params>
            <param index="0">
              <value>
                <![CDATA[chrome]]>
              </value>
            </param>
          </params>
          <reporter-output>
            <line>
              <![CDATA[======= Browser Session Started ======]]>
            </line>
          </reporter-output>
        </test-method> <!-- setupApplication -->
        <test-method signature="verifypageTitle3()[pri:0, instance:crossBrowsers.VerifyTitle@4c1d9d4b]" started-at="2020-06-12T14:34:57 IST" name="verifypageTitle3" description="PAGE SCROLLING DOWN AND ADD COMMENT ON THE PAGE" finished-at="2020-06-12T14:36:37 IST" duration-ms="100601" status="PASS">
          <reporter-output>
            <line>
              <![CDATA[======= Check Add comment on Specific post ======]]>
            </line>
            <line>
              <![CDATA[======= Check to open Specific post ======]]>
            </line>
            <line>
              <![CDATA[======= Check to go on new tab for delete the window ======]]>
            </line>
            <line>
              <![CDATA[======= Check to Delete specific comment ======]]>
            </line>
            <line>
              <![CDATA[======= Check to LIKE AND UNLIKE ON THE POST ======]]>
            </line>
          </reporter-output>
        </test-method> <!-- verifypageTitle3 -->
        <test-method is-config="true" signature="closeApplication()[pri:0, instance:crossBrowsers.VerifyTitle@4c1d9d4b]" started-at="2020-06-12T14:36:37 IST" name="closeApplication" finished-at="2020-06-12T14:36:39 IST" duration-ms="2028" status="PASS">
          <reporter-output>
            <line>
              <![CDATA[======= Browser Session End ======]]>
            </line>
          </reporter-output>
        </test-method> <!-- closeApplication -->
        <test-method is-config="true" signature="setupApplication(java.lang.String)[pri:0, instance:crossBrowsers.VerifyTitle@4c1d9d4b]" started-at="2020-06-12T14:36:39 IST" name="setupApplication" finished-at="2020-06-12T14:36:51 IST" duration-ms="11537" status="PASS">
          <params>
            <param index="0">
              <value>
                <![CDATA[chrome]]>
              </value>
            </param>
          </params>
          <reporter-output>
            <line>
              <![CDATA[======= Browser Session Started ======]]>
            </line>
          </reporter-output>
        </test-method> <!-- setupApplication -->
        <test-method signature="verifypageTitle4()[pri:0, instance:crossBrowsers.VerifyTitle@4c1d9d4b]" started-at="2020-06-12T14:36:51 IST" name="verifypageTitle4" description="THIS IS FOR CLICKING ON TOP RIGHT SIDE MENU AND LOGOUT" finished-at="2020-06-12T14:37:03 IST" duration-ms="12577" status="PASS">
          <reporter-output>
          </reporter-output>
        </test-method> <!-- verifypageTitle4 -->
        <test-method is-config="true" signature="closeApplication()[pri:0, instance:crossBrowsers.VerifyTitle@4c1d9d4b]" started-at="2020-06-12T14:37:03 IST" name="closeApplication" finished-at="2020-06-12T14:37:05 IST" duration-ms="1604" status="PASS">
          <reporter-output>
            <line>
              <![CDATA[======= Browser Session End ======]]>
            </line>
          </reporter-output>
        </test-method> <!-- closeApplication -->
      </class> <!-- crossBrowsers.VerifyTitle -->
    </test> <!-- ChromeTestCases -->
  </suite> <!-- Suite -->
</testng-results>
