<?xml version="1.0" encoding="UTF-8"?>
<testng-results ignored="0" total="2" passed="2" failed="0" skipped="0">
  <reporter-output>
  </reporter-output>
  <suite started-at="2020-05-23T17:49:35 IST" name="Suite" finished-at="2020-05-23T17:51:41 IST" duration-ms="126041">
    <groups>
    </groups>
    <test started-at="2020-05-23T17:49:35 IST" name="FirefoxTestCases" finished-at="2020-05-23T17:50:38 IST" duration-ms="62433">
      <class name="crossBrowsers.VerifyTitle">
        <test-method signature="verifypageTitle(java.lang.String)[pri:0, instance:crossBrowsers.VerifyTitle@3a079870]" started-at="2020-05-23T17:49:35 IST" name="verifypageTitle" finished-at="2020-05-23T17:50:37 IST" duration-ms="62267" status="PASS">
          <params>
            <param index="0">
              <value>
                <![CDATA[firefox]]>
              </value>
            </param>
          </params>
          <reporter-output>
          </reporter-output>
        </test-method> <!-- verifypageTitle -->
      </class> <!-- crossBrowsers.VerifyTitle -->
    </test> <!-- FirefoxTestCases -->
    <test started-at="2020-05-23T17:50:38 IST" name="ChromeTestCases" finished-at="2020-05-23T17:51:41 IST" duration-ms="63156">
      <class name="crossBrowsers.VerifyTitle">
        <test-method signature="verifypageTitle(java.lang.String)[pri:0, instance:crossBrowsers.VerifyTitle@78dd667e]" started-at="2020-05-23T17:50:38 IST" name="verifypageTitle" finished-at="2020-05-23T17:51:41 IST" duration-ms="63133" status="PASS">
          <params>
            <param index="0">
              <value>
                <![CDATA[chrome]]>
              </value>
            </param>
          </params>
          <reporter-output>
          </reporter-output>
        </test-method> <!-- verifypageTitle -->
      </class> <!-- crossBrowsers.VerifyTitle -->
    </test> <!-- ChromeTestCases -->
  </suite> <!-- Suite -->
</testng-results>
