<?xml version="1.0" encoding="UTF-8"?>
<testng-results ignored="0" total="1" passed="1" failed="0" skipped="0">
  <reporter-output>
  </reporter-output>
  <suite started-at="2020-05-21T14:15:47 IST" name="Suite" finished-at="2020-05-21T14:17:53 IST" duration-ms="125308">
    <groups>
    </groups>
    <test started-at="2020-05-21T14:15:47 IST" name="FirefoxTestCases" finished-at="2020-05-21T14:17:53 IST" duration-ms="125308">
      <class name="crossBrowsers.VerifyTitle">
        <test-method signature="verifypageTitle(java.lang.String)[pri:0, instance:crossBrowsers.VerifyTitle@3a079870]" started-at="2020-05-21T14:15:48 IST" name="verifypageTitle" finished-at="2020-05-21T14:17:53 IST" duration-ms="125113" status="PASS">
          <params>
            <param index="0">
              <value>
                <![CDATA[firefox]]>
              </value>
            </param>
          </params>
          <reporter-output>
          </reporter-output>
        </test-method> <!-- verifypageTitle -->
      </class> <!-- crossBrowsers.VerifyTitle -->
    </test> <!-- FirefoxTestCases -->
  </suite> <!-- Suite -->
</testng-results>
